\BOOKMARK [0][-]{chapter.1}{Einleitung}{}% 1
\BOOKMARK [1][-]{section.1.1}{Urspr\374ngliches Projektziel}{chapter.1}% 2
\BOOKMARK [1][-]{section.1.2}{Gr\374nde F\374r die \304nderung des Projektziels}{chapter.1}% 3
\BOOKMARK [1][-]{section.1.3}{Neues Projektziel}{chapter.1}% 4
\BOOKMARK [0][-]{chapter.2}{Grundlagen}{}% 5
\BOOKMARK [1][-]{section.2.1}{Unity}{chapter.2}% 6
\BOOKMARK [1][-]{section.2.2}{Neuronale Netze}{chapter.2}% 7
\BOOKMARK [1][-]{section.2.3}{Genetischer Algorithmus}{chapter.2}% 8
\BOOKMARK [0][-]{chapter.3}{Aufbau}{}% 9
\BOOKMARK [1][-]{section.3.1}{Aufbau der Simulation}{chapter.3}% 10
\BOOKMARK [1][-]{section.3.2}{Aufbau der AI}{chapter.3}% 11
\BOOKMARK [1][-]{section.3.3}{Aufbau des Trainingsalgorithmus}{chapter.3}% 12
\BOOKMARK [0][-]{chapter.4}{Umsetzung}{}% 13
\BOOKMARK [1][-]{section.4.1}{Umsetzung der Simulation}{chapter.4}% 14
\BOOKMARK [1][-]{section.4.2}{Umsetzung der AI}{chapter.4}% 15
\BOOKMARK [1][-]{section.4.3}{Umsetzung des Trainingsalgorithmus}{chapter.4}% 16
\BOOKMARK [0][-]{chapter.5}{Auswertung}{}% 17
\BOOKMARK [1][-]{section.5.1}{Variante 1: 1zu1}{chapter.5}% 18
\BOOKMARK [1][-]{section.5.2}{Variante 2: 1zu2}{chapter.5}% 19
\BOOKMARK [1][-]{section.5.3}{Variante 3: 0zu1}{chapter.5}% 20
\BOOKMARK [1][-]{section.5.4}{Fazit}{chapter.5}% 21
\BOOKMARK [0][-]{chapter.6}{Wie geht es weiter?}{}% 22
\BOOKMARK [0][-]{section*.11}{Appendices}{}% 23
\BOOKMARK [0][-]{chapter*.12}{Abbildungsverzeichnis}{}% 24
