\BOOKMARK [0][-]{chapter.1}{Einleitung}{}% 1
\BOOKMARK [1][-]{section.1.1}{Urspr\374ngliches Projektziel}{chapter.1}% 2
\BOOKMARK [1][-]{section.1.2}{Gr\374nde F\374r die \304nderung des Projektziels}{chapter.1}% 3
\BOOKMARK [1][-]{section.1.3}{Neues Projektziel}{chapter.1}% 4
\BOOKMARK [0][-]{chapter.2}{Aufbau}{}% 5
\BOOKMARK [1][-]{section.2.1}{Aufbau der Simulation}{chapter.2}% 6
\BOOKMARK [1][-]{section.2.2}{Aufbau der AI}{chapter.2}% 7
\BOOKMARK [1][-]{section.2.3}{Aufbau des Trainingsalgorithmus}{chapter.2}% 8
\BOOKMARK [0][-]{chapter.3}{Umsetzung}{}% 9
\BOOKMARK [1][-]{section.3.1}{Umsetzung der Simulation}{chapter.3}% 10
\BOOKMARK [1][-]{section.3.2}{Umsetzung der AI}{chapter.3}% 11
\BOOKMARK [1][-]{section.3.3}{Umsetzung des Trainingsalgorithmus}{chapter.3}% 12
\BOOKMARK [0][-]{chapter.4}{Auswertung}{}% 13
\BOOKMARK [1][-]{section.4.1}{Variante1: 1zu1}{chapter.4}% 14
\BOOKMARK [1][-]{section.4.2}{Variante2: 1zu2}{chapter.4}% 15
\BOOKMARK [1][-]{section.4.3}{Variante3: 0zu1}{chapter.4}% 16
\BOOKMARK [1][-]{section.4.4}{Fazit}{chapter.4}% 17
\BOOKMARK [0][-]{section*.8}{Appendices}{}% 18
\BOOKMARK [0][-]{appendix.A}{Quellen}{}% 19
\BOOKMARK [0][-]{chapter*.9}{List of Figures}{}% 20
